../src/bufferutil.cc:26:30: error: no template named 'Handle' in namespace 'v8'
  static void Initialize(v8::Handle<v8::Object> target)
                         ~~~~^
../src/bufferutil.cc:34:86: error: too few arguments to function call, single argument 'context' was not specified
    Nan::Set(target, Nan::New<String>("BufferUtil").ToLocalChecked(), t->GetFunction());
                                                                      ~~~~~~~~~~~~~~ ^
/Users/vanessaleo/Library/Caches/node-gyp/13.9.0/include/node/v8.h:6283:3: note: 'GetFunction' declared here
  V8_WARN_UNUSED_RESULT MaybeLocal<Function> GetFunction(
  ^
/Users/vanessaleo/Library/Caches/node-gyp/13.9.0/include/node/v8config.h:419:31: note: expanded from macro 'V8_WARN_UNUSED_RESULT'
#define V8_WARN_UNUSED_RESULT __attribute__((warn_unused_result))
                              ^
../src/bufferutil.cc:50:49: error: too few arguments to function call, single argument 'context' was not specified
    Local<Object> bufferObj = info[0]->ToObject();
                              ~~~~~~~~~~~~~~~~~ ^
/Users/vanessaleo/Library/Caches/node-gyp/13.9.0/include/node/v8.h:2754:3: note: 'ToObject' declared here
  V8_WARN_UNUSED_RESULT MaybeLocal<Object> ToObject(
  ^
/Users/vanessaleo/Library/Caches/node-gyp/13.9.0/include/node/v8config.h:419:31: note: expanded from macro 'V8_WARN_UNUSED_RESULT'
#define V8_WARN_UNUSED_RESULT __attribute__((warn_unused_result))
                              ^
../src/bufferutil.cc:57:34: error: no matching member function for call to 'Get'
      Local<Object> src = array->Get(i)->ToObject();
                          ~~~~~~~^~~
/Users/vanessaleo/Library/Caches/node-gyp/13.9.0/include/node/v8.h:3594:43: note: candidate function not viable: requires 2 arguments, but 1 was provided
  V8_WARN_UNUSED_RESULT MaybeLocal<Value> Get(Local<Context> context,
                                          ^
/Users/vanessaleo/Library/Caches/node-gyp/13.9.0/include/node/v8.h:3597:43: note: candidate function not viable: requires 2 arguments, but 1 was provided
  V8_WARN_UNUSED_RESULT MaybeLocal<Value> Get(Local<Context> context,
                                          ^
../src/bufferutil.cc:68:50: error: too few arguments to function call, single argument 'context' was not specified
    Local<Object> buffer_obj = info[0]->ToObject();
                               ~~~~~~~~~~~~~~~~~ ^
/Users/vanessaleo/Library/Caches/node-gyp/13.9.0/include/node/v8.h:2754:3: note: 'ToObject' declared here
  V8_WARN_UNUSED_RESULT MaybeLocal<Object> ToObject(
  ^
/Users/vanessaleo/Library/Caches/node-gyp/13.9.0/include/node/v8config.h:419:31: note: expanded from macro 'V8_WARN_UNUSED_RESULT'
#define V8_WARN_UNUSED_RESULT __attribute__((warn_unused_result))
                              ^
../src/bufferutil.cc:70:48: error: too few arguments to function call, single argument 'context' was not specified
    Local<Object> mask_obj = info[1]->ToObject();
                             ~~~~~~~~~~~~~~~~~ ^
/Users/vanessaleo/Library/Caches/node-gyp/13.9.0/include/node/v8.h:2754:3: note: 'ToObject' declared here
  V8_WARN_UNUSED_RESULT MaybeLocal<Object> ToObject(
  ^
/Users/vanessaleo/Library/Caches/node-gyp/13.9.0/include/node/v8config.h:419:31: note: expanded from macro 'V8_WARN_UNUSED_RESULT'
#define V8_WARN_UNUSED_RESULT __attribute__((warn_unused_result))
                              ^
../src/bufferutil.cc:89:50: error: too few arguments to function call, single argument 'context' was not specified
    Local<Object> buffer_obj = info[0]->ToObject();
                               ~~~~~~~~~~~~~~~~~ ^
/Users/vanessaleo/Library/Caches/node-gyp/13.9.0/include/node/v8.h:2754:3: note: 'ToObject' declared here
  V8_WARN_UNUSED_RESULT MaybeLocal<Object> ToObject(
  ^
/Users/vanessaleo/Library/Caches/node-gyp/13.9.0/include/node/v8config.h:419:31: note: expanded from macro 'V8_WARN_UNUSED_RESULT'
#define V8_WARN_UNUSED_RESULT __attribute__((warn_unused_result))
                              ^
../src/bufferutil.cc:90:48: error: too few arguments to function call, single argument 'context' was not specified
    Local<Object> mask_obj = info[1]->ToObject();
                             ~~~~~~~~~~~~~~~~~ ^
/Users/vanessaleo/Library/Caches/node-gyp/13.9.0/include/node/v8.h:2754:3: note: 'ToObject' declared here
  V8_WARN_UNUSED_RESULT MaybeLocal<Object> ToObject(
  ^
/Users/vanessaleo/Library/Caches/node-gyp/13.9.0/include/node/v8config.h:419:31: note: expanded from macro 'V8_WARN_UNUSED_RESULT'
#define V8_WARN_UNUSED_RESULT __attribute__((warn_unused_result))
                              ^
../src/bufferutil.cc:92:50: error: too few arguments to function call, single argument 'context' was not specified
    Local<Object> output_obj = info[2]->ToObject();
                               ~~~~~~~~~~~~~~~~~ ^
/Users/vanessaleo/Library/Caches/node-gyp/13.9.0/include/node/v8.h:2754:3: note: 'ToObject' declared here
  V8_WARN_UNUSED_RESULT MaybeLocal<Object> ToObject(
  ^
/Users/vanessaleo/Library/Caches/node-gyp/13.9.0/include/node/v8config.h:419:31: note: expanded from macro 'V8_WARN_UNUSED_RESULT'
#define V8_WARN_UNUSED_RESULT __attribute__((warn_unused_result))
                              ^
../src/bufferutil.cc:93:51: error: too few arguments to function call, single argument 'context' was not specified
    unsigned int dataOffset = info[3]->Int32Value();
                              ~~~~~~~~~~~~~~~~~~~ ^
/Users/vanessaleo/Library/Caches/node-gyp/13.9.0/include/node/v8.h:2778:3: note: 'Int32Value' declared here
  V8_WARN_UNUSED_RESULT Maybe<int32_t> Int32Value(Local<Context> context) const;
  ^
/Users/vanessaleo/Library/Caches/node-gyp/13.9.0/include/node/v8config.h:419:31: note: expanded from macro 'V8_WARN_UNUSED_RESULT'
#define V8_WARN_UNUSED_RESULT __attribute__((warn_unused_result))
                              ^
../src/bufferutil.cc:94:47: error: too few arguments to function call, single argument 'context' was not specified
    unsigned int length = info[4]->Int32Value();
                          ~~~~~~~~~~~~~~~~~~~ ^
/Users/vanessaleo/Library/Caches/node-gyp/13.9.0/include/node/v8.h:2778:3: note: 'Int32Value' declared here
  V8_WARN_UNUSED_RESULT Maybe<int32_t> Int32Value(Local<Context> context) const;
  ^
/Users/vanessaleo/Library/Caches/node-gyp/13.9.0/include/node/v8config.h:419:31: note: expanded from macro 'V8_WARN_UNUSED_RESULT'
#define V8_WARN_UNUSED_RESULT __attribute__((warn_unused_result))
                              ^
../src/bufferutil.cc:115:6: error: variable has incomplete type 'void'
void init (Handle<Object> target)
     ^
../src/bufferutil.cc:115:19: error: 'Object' does not refer to a value
void init (Handle<Object> target)
                  ^
/Users/vanessaleo/Library/Caches/node-gyp/13.9.0/include/node/v8.h:3541:17: note: declared here
class V8_EXPORT Object : public Value {
                ^
../src/bufferutil.cc:115:12: error: use of undeclared identifier 'Handle'
void init (Handle<Object> target)
           ^
../src/bufferutil.cc:115:27: error: use of undeclared identifier 'target'
void init (Handle<Object> target)
                          ^
../src/bufferutil.cc:115:34: error: expected ';' after top level declarator
void init (Handle<Object> target)
                                 ^
                                 ;
16 errors generated.
make: *** [Release/obj.target/bufferutil/src/bufferutil.o] Error 1
gyp ERR! build error 
gyp ERR! stack Error: `make` failed with exit code: 2
gyp ERR! stack     at ChildProcess.onExit (/usr/local/lib/node_modules/npm/node_modules/node-gyp/lib/build.js:194:23)
gyp ERR! stack     at ChildProcess.emit (events.js:321:20)
gyp ERR! stack     at Process.ChildProcess._handle.onexit (internal/child_process.js:275:12)
gyp ERR! System Darwin 18.7.0
gyp ERR! command "/usr/local/bin/node" "/usr/local/lib/node_modules/npm/node_modules/node-gyp/bin/node-gyp.js" "rebuild"
gyp ERR! cwd /Users/vanessaleo/my-app/tradetrust-website/node_modules/ganache-core/node_modules/websocket
gyp ERR! node -v v13.9.0
gyp ERR! node-gyp -v v5.0.7
gyp ERR! not ok 
